#
# There is insufficient memory for the Java Runtime Environment to continue.
# Native memory allocation (malloc) failed to allocate 520176 bytes. Error detail: Chunk::new
# Possible reasons:
#   The system is out of physical RAM or swap space
#   This process is running with CompressedOops enabled, and the Java Heap may be blocking the growth of the native heap
# Possible solutions:
#   Reduce memory load on the system
#   Increase physical memory or swap space
#   Check if swap backing store is full
#   Decrease Java heap size (-Xmx/-Xms)
#   Decrease number of Java threads
#   Decrease Java thread stack sizes (-Xss)
#   Set larger code cache with -XX:ReservedCodeCacheSize=
#   JVM is running with Unscaled Compressed Oops mode in which the Java heap is
#     placed in the first 4GB address space. The Java Heap base address is the
#     maximum limit for the native heap growth. Please use -XX:HeapBaseMinAddress
#     to set the Java Heap base and to place the Java Heap above 4GB virtual address.
# This output file may be truncated or incomplete.
#
#  Out of Memory Error (arena.cpp:168), pid=23152, tid=8464
#
# JRE version: OpenJDK Runtime Environment Temurin-21.0.6+7 (21.0.6+7) (build 21.0.6+7-LTS)
# Java VM: OpenJDK 64-Bit Server VM Temurin-21.0.6+7 (21.0.6+7-LTS, mixed mode, sharing, tiered, compressed oops, compressed class ptrs, parallel gc, windows-amd64)
# No core dump will be written. Minidumps are not enabled by default on client versions of Windows
#

---------------  S U M M A R Y ------------

Command Line: --add-modules=ALL-SYSTEM --add-opens=java.base/java.util=ALL-UNNAMED --add-opens=java.base/java.lang=ALL-UNNAMED --add-opens=java.base/sun.nio.fs=ALL-UNNAMED -Declipse.application=org.eclipse.jdt.ls.core.id1 -Dosgi.bundles.defaultStartLevel=4 -Declipse.product=org.eclipse.jdt.ls.core.product -Djava.import.generatesMetadataFilesAtProjectRoot=false -DDetectVMInstallationsJob.disabled=true -Dfile.encoding=utf8 -XX:+UseParallelGC -XX:GCTimeRatio=4 -XX:AdaptiveSizePolicyWeight=90 -Dsun.zip.disableMemoryMapping=true -Xmx1G -Xms100m -Xlog:disable -javaagent:c:\Users\ASUS\.vscode\extensions\redhat.java-1.41.1-win32-x64\lombok\lombok-1.18.36.jar -XX:+HeapDumpOnOutOfMemoryError -XX:HeapDumpPath=c:\Users\ASUS\AppData\Roaming\Code\User\workspaceStorage\bc3055fe9be8a6599a4ffa8e78391a0d\redhat.java -Daether.dependencyCollector.impl=bf c:\Users\ASUS\.vscode\extensions\redhat.java-1.41.1-win32-x64\server\plugins\org.eclipse.equinox.launcher_1.7.0.v20250331-1702.jar -configuration c:\Users\ASUS\AppData\Roaming\Code\User\globalStorage\redhat.java\1.41.1\config_win -data c:\Users\ASUS\AppData\Roaming\Code\User\workspaceStorage\bc3055fe9be8a6599a4ffa8e78391a0d\redhat.java\jdt_ws --pipe=\\.\pipe\lsp-992cd44c0b7be07718b303804b33a1aa-sock

Host: 11th Gen Intel(R) Core(TM) i5-11400H @ 2.70GHz, 12 cores, 15G,  Windows 11 , 64 bit Build 26100 (10.0.26100.3775)
Time: Sat May  3 11:48:18 2025 India Standard Time elapsed time: 6.375217 seconds (0d 0h 0m 6s)

---------------  T H R E A D  ---------------

Current thread (0x000001f5409ca920):  JavaThread "C2 CompilerThread0" daemon [_thread_in_native, id=8464, stack(0x000000d9b7100000,0x000000d9b7200000) (1024K)]


Current CompileTask:
C2:6375 6843   !   4       org.eclipse.osgi.internal.loader.classpath.ClasspathManager::defineClass (636 bytes)

Stack: [0x000000d9b7100000,0x000000d9b7200000]
Native frames: (J=compiled Java code, j=interpreted, Vv=VM code, C=native code)
V  [jvm.dll+0x6cdee9]
V  [jvm.dll+0x8a83d1]
V  [jvm.dll+0x8aa8fe]
V  [jvm.dll+0x8aafe3]
V  [jvm.dll+0x27f706]
V  [jvm.dll+0xc500d]
V  [jvm.dll+0xc5543]
V  [jvm.dll+0x2f2acd]
V  [jvm.dll+0x5f6a2a]
V  [jvm.dll+0x250bb2]
V  [jvm.dll+0x24965f]
V  [jvm.dll+0x246ec4]
V  [jvm.dll+0x1c75ee]
V  [jvm.dll+0x25685a]
V  [jvm.dll+0x254dfa]
V  [jvm.dll+0x3f0256]
V  [jvm.dll+0x851f8b]
V  [jvm.dll+0x6cc5ed]
C  [ucrtbase.dll+0x37b0]
C  [KERNEL32.DLL+0x2e8d7]
C  [ntdll.dll+0xb14fc]


---------------  P R O C E S S  ---------------

Threads class SMR info:
_java_thread_list=0x000001f5a0509930, length=52, elements={
0x000001f54090ef20, 0x000001f5409b01a0, 0x000001f5409b0e50, 0x000001f5409b81b0,
0x000001f5409bd0e0, 0x000001f5409bb950, 0x000001f5409c2eb0, 0x000001f5409ca920,
0x000001f5409cd820, 0x000001f5409c3540, 0x000001f5409c5610, 0x000001f5409c48f0,
0x000001f5409c2190, 0x000001f5409c2820, 0x000001f5409c3bd0, 0x000001f5409c4260,
0x000001f5409c4f80, 0x000001f59d9fb7a0, 0x000001f59d9fec20, 0x000001f59d9fe590,
0x000001f59d9fdf00, 0x000001f59d9fbe30, 0x000001f59d9ff940, 0x000001f59d9fd1e0,
0x000001f59d9fc4c0, 0x000001f59d9fffd0, 0x000001f59da00660, 0x000001f59da00cf0,
0x000001f59d9fd870, 0x000001f59da02dc0, 0x000001f59da01380, 0x000001f59da01a10,
0x000001f59da020a0, 0x000001f59da02730, 0x000001f59de640c0, 0x000001f59de65470,
0x000001f59de64750, 0x000001f59de65b00, 0x000001f59de66eb0, 0x000001f59de64de0,
0x000001f59de66190, 0x000001f59de63a30, 0x000001f59d102460, 0x000001f59de688f0,
0x000001f59de6a330, 0x000001f59de6a9c0, 0x000001f59de67540, 0x000001f59de6b050,
0x000001f59d9ff2b0, 0x000001f59e42c650, 0x000001f59e42e090, 0x000001f59e42e720
}

Java Threads: ( => current thread )
  0x000001f54090ef20 JavaThread "main"                              [_thread_blocked, id=14676, stack(0x000000d9b6700000,0x000000d9b6800000) (1024K)]
  0x000001f5409b01a0 JavaThread "Reference Handler"          daemon [_thread_blocked, id=18108, stack(0x000000d9b6b00000,0x000000d9b6c00000) (1024K)]
  0x000001f5409b0e50 JavaThread "Finalizer"                  daemon [_thread_blocked, id=24668, stack(0x000000d9b6c00000,0x000000d9b6d00000) (1024K)]
  0x000001f5409b81b0 JavaThread "Signal Dispatcher"          daemon [_thread_blocked, id=36060, stack(0x000000d9b6d00000,0x000000d9b6e00000) (1024K)]
  0x000001f5409bd0e0 JavaThread "Attach Listener"            daemon [_thread_blocked, id=19192, stack(0x000000d9b6e00000,0x000000d9b6f00000) (1024K)]
  0x000001f5409bb950 JavaThread "Service Thread"             daemon [_thread_blocked, id=9296, stack(0x000000d9b6f00000,0x000000d9b7000000) (1024K)]
  0x000001f5409c2eb0 JavaThread "Monitor Deflation Thread"   daemon [_thread_blocked, id=26556, stack(0x000000d9b7000000,0x000000d9b7100000) (1024K)]
=>0x000001f5409ca920 JavaThread "C2 CompilerThread0"         daemon [_thread_in_native, id=8464, stack(0x000000d9b7100000,0x000000d9b7200000) (1024K)]
  0x000001f5409cd820 JavaThread "C1 CompilerThread0"         daemon [_thread_blocked, id=27104, stack(0x000000d9b7200000,0x000000d9b7300000) (1024K)]
  0x000001f5409c3540 JavaThread "Common-Cleaner"             daemon [_thread_blocked, id=19160, stack(0x000000d9b7300000,0x000000d9b7400000) (1024K)]
  0x000001f5409c5610 JavaThread "Notification Thread"        daemon [_thread_blocked, id=14240, stack(0x000000d9b7500000,0x000000d9b7600000) (1024K)]
  0x000001f5409c48f0 JavaThread "Active Thread: Equinox Container: 36efa98b-b29c-442e-8ce0-315ab4049a53"        [_thread_blocked, id=18892, stack(0x000000d9b7d00000,0x000000d9b7e00000) (1024K)]
  0x000001f5409c2190 JavaThread "Refresh Thread: Equinox Container: 36efa98b-b29c-442e-8ce0-315ab4049a53" daemon [_thread_blocked, id=23908, stack(0x000000d9b7e00000,0x000000d9b7f00000) (1024K)]
  0x000001f5409c2820 JavaThread "Framework Event Dispatcher: Equinox Container: 36efa98b-b29c-442e-8ce0-315ab4049a53" daemon [_thread_blocked, id=7900, stack(0x000000d9b8000000,0x000000d9b8100000) (1024K)]
  0x000001f5409c3bd0 JavaThread "Start Level: Equinox Container: 36efa98b-b29c-442e-8ce0-315ab4049a53" daemon [_thread_blocked, id=28200, stack(0x000000d9b8100000,0x000000d9b8200000) (1024K)]
  0x000001f5409c4260 JavaThread "Bundle File Closer"         daemon [_thread_blocked, id=15672, stack(0x000000d9b8200000,0x000000d9b8300000) (1024K)]
  0x000001f5409c4f80 JavaThread "SCR Component Actor"        daemon [_thread_blocked, id=15356, stack(0x000000d9b7400000,0x000000d9b7500000) (1024K)]
  0x000001f59d9fb7a0 JavaThread "SCR Component Registry"     daemon [_thread_blocked, id=35844, stack(0x000000d9b7600000,0x000000d9b7700000) (1024K)]
  0x000001f59d9fec20 JavaThread "Worker-JM"                         [_thread_blocked, id=34316, stack(0x000000d9b8600000,0x000000d9b8700000) (1024K)]
  0x000001f59d9fe590 JavaThread "Worker-0"                          [_thread_blocked, id=17932, stack(0x000000d9b8700000,0x000000d9b8800000) (1024K)]
  0x000001f59d9fdf00 JavaThread "Worker-1"                          [_thread_blocked, id=11872, stack(0x000000d9b8800000,0x000000d9b8900000) (1024K)]
  0x000001f59d9fbe30 JavaThread "Java indexing"              daemon [_thread_blocked, id=33440, stack(0x000000d9b8900000,0x000000d9b8a00000) (1024K)]
  0x000001f59d9ff940 JavaThread "JNA Cleaner"                daemon [_thread_blocked, id=13932, stack(0x000000d9b8b00000,0x000000d9b8c00000) (1024K)]
  0x000001f59d9fd1e0 JavaThread "Worker-2"                          [_thread_blocked, id=18832, stack(0x000000d9b8e00000,0x000000d9b8f00000) (1024K)]
  0x000001f59d9fc4c0 JavaThread "Worker-3"                          [_thread_blocked, id=3452, stack(0x000000d9b8f00000,0x000000d9b9000000) (1024K)]
  0x000001f59d9fffd0 JavaThread "Worker-4: Initialize Workspace"        [_thread_blocked, id=36240, stack(0x000000d9b9000000,0x000000d9b9100000) (1024K)]
  0x000001f59da00660 JavaThread "Thread-2"                   daemon [_thread_in_native, id=30024, stack(0x000000d9b9100000,0x000000d9b9200000) (1024K)]
  0x000001f59da00cf0 JavaThread "Thread-3"                   daemon [_thread_in_native, id=24524, stack(0x000000d9b9200000,0x000000d9b9300000) (1024K)]
  0x000001f59d9fd870 JavaThread "Thread-4"                   daemon [_thread_in_native, id=28716, stack(0x000000d9b9300000,0x000000d9b9400000) (1024K)]
  0x000001f59da02dc0 JavaThread "Thread-5"                   daemon [_thread_in_native, id=14584, stack(0x000000d9b9400000,0x000000d9b9500000) (1024K)]
  0x000001f59da01380 JavaThread "Thread-6"                   daemon [_thread_in_native, id=35368, stack(0x000000d9b9500000,0x000000d9b9600000) (1024K)]
  0x000001f59da01a10 JavaThread "Thread-7"                   daemon [_thread_in_native, id=16488, stack(0x000000d9b9600000,0x000000d9b9700000) (1024K)]
  0x000001f59da020a0 JavaThread "Thread-8"                   daemon [_thread_in_native, id=8488, stack(0x000000d9b9700000,0x000000d9b9800000) (1024K)]
  0x000001f59da02730 JavaThread "Thread-9"                   daemon [_thread_in_native, id=21924, stack(0x000000d9b9800000,0x000000d9b9900000) (1024K)]
  0x000001f59de640c0 JavaThread "Thread-10"                  daemon [_thread_in_native, id=592, stack(0x000000d9b9900000,0x000000d9b9a00000) (1024K)]
  0x000001f59de65470 JavaThread "Thread-11"                  daemon [_thread_in_native, id=37460, stack(0x000000d9b9a00000,0x000000d9b9b00000) (1024K)]
  0x000001f59de64750 JavaThread "Thread-12"                  daemon [_thread_in_native, id=31588, stack(0x000000d9b9b00000,0x000000d9b9c00000) (1024K)]
  0x000001f59de65b00 JavaThread "Thread-13"                  daemon [_thread_in_native, id=8564, stack(0x000000d9b9c00000,0x000000d9b9d00000) (1024K)]
  0x000001f59de66eb0 JavaThread "Thread-14"                  daemon [_thread_in_native, id=2156, stack(0x000000d9b9d00000,0x000000d9b9e00000) (1024K)]
  0x000001f59de64de0 JavaThread "pool-2-thread-1"                   [_thread_blocked, id=32480, stack(0x000000d9b9e00000,0x000000d9b9f00000) (1024K)]
  0x000001f59de66190 JavaThread "WorkspaceEventsHandler"            [_thread_blocked, id=21400, stack(0x000000d9b9f00000,0x000000d9ba000000) (1024K)]
  0x000001f59de63a30 JavaThread "pool-1-thread-1"                   [_thread_blocked, id=14444, stack(0x000000d9ba000000,0x000000d9ba100000) (1024K)]
  0x000001f59d102460 JavaThread "C2 CompilerThread1"         daemon [_thread_in_native, id=32216, stack(0x000000d9b8500000,0x000000d9b8600000) (1024K)]
  0x000001f59de688f0 JavaThread "Timer-0"                           [_thread_blocked, id=17148, stack(0x000000d9b8a00000,0x000000d9b8b00000) (1024K)]
  0x000001f59de6a330 JavaThread "Timer-1"                           [_thread_blocked, id=33816, stack(0x000000d9ba100000,0x000000d9ba200000) (1024K)]
  0x000001f59de6a9c0 JavaThread "Timer-2"                           [_thread_blocked, id=14872, stack(0x000000d9ba200000,0x000000d9ba300000) (1024K)]
  0x000001f59de67540 JavaThread "LocalFile Deleter"          daemon [_thread_blocked, id=27568, stack(0x000000d9ba300000,0x000000d9ba400000) (1024K)]
  0x000001f59de6b050 JavaThread "LocalFile Deleter"          daemon [_thread_blocked, id=27672, stack(0x000000d9ba400000,0x000000d9ba500000) (1024K)]
  0x000001f59d9ff2b0 JavaThread "LocalFile Deleter"          daemon [_thread_blocked, id=34200, stack(0x000000d9ba500000,0x000000d9ba600000) (1024K)]
  0x000001f59e42c650 JavaThread "Timer-3"                           [_thread_blocked, id=34712, stack(0x000000d9ba600000,0x000000d9ba700000) (1024K)]
  0x000001f59e42e090 JavaThread "Timer-4"                           [_thread_blocked, id=32884, stack(0x000000d9ba700000,0x000000d9ba800000) (1024K)]
  0x000001f59e42e720 JavaThread "Connection worker"                 [_thread_in_vm, id=20008, stack(0x000000d9ba800000,0x000000d9ba900000) (1024K)]
Total: 52

Other Threads:
  0x000001f597230090 VMThread "VM Thread"                           [id=9596, stack(0x000000d9b6a00000,0x000000d9b6b00000) (1024K)]
  0x000001f54097c270 WatcherThread "VM Periodic Task Thread"        [id=4652, stack(0x000000d9b6900000,0x000000d9b6a00000) (1024K)]
  0x000001f54092c770 WorkerThread "GC Thread#0"                     [id=35888, stack(0x000000d9b6800000,0x000000d9b6900000) (1024K)]
  0x000001f598908520 WorkerThread "GC Thread#1"                     [id=22072, stack(0x000000d9b7700000,0x000000d9b7800000) (1024K)]
  0x000001f59d03c720 WorkerThread "GC Thread#2"                     [id=2192, stack(0x000000d9b7800000,0x000000d9b7900000) (1024K)]
  0x000001f59d03cac0 WorkerThread "GC Thread#3"                     [id=21352, stack(0x000000d9b7900000,0x000000d9b7a00000) (1024K)]
  0x000001f59d0baa20 WorkerThread "GC Thread#4"                     [id=22236, stack(0x000000d9b7a00000,0x000000d9b7b00000) (1024K)]
  0x000001f59d0badc0 WorkerThread "GC Thread#5"                     [id=33328, stack(0x000000d9b7b00000,0x000000d9b7c00000) (1024K)]
  0x000001f59d0b7d40 WorkerThread "GC Thread#6"                     [id=9712, stack(0x000000d9b7c00000,0x000000d9b7d00000) (1024K)]
  0x000001f59d236a10 WorkerThread "GC Thread#7"                     [id=37616, stack(0x000000d9b7f00000,0x000000d9b8000000) (1024K)]
  0x000001f59d034c10 WorkerThread "GC Thread#8"                     [id=17424, stack(0x000000d9b8300000,0x000000d9b8400000) (1024K)]
  0x000001f59da3af00 WorkerThread "GC Thread#9"                     [id=25424, stack(0x000000d9b8400000,0x000000d9b8500000) (1024K)]
Total: 12

Threads with active compile tasks:
C2 CompilerThread0  6396 6843   !   4       org.eclipse.osgi.internal.loader.classpath.ClasspathManager::defineClass (636 bytes)
C1 CompilerThread0  6396 6873       3       org.objectweb.asm.tree.MethodNode::<init> (79 bytes)
C2 CompilerThread1  6396 6850       4       org.eclipse.osgi.internal.loader.classpath.ClasspathManager::definePackage (162 bytes)
Total: 3

VM state: not at safepoint (normal execution)

VM Mutex/Monitor currently owned by a thread: None

Heap address: 0x00000000c0000000, size: 1024 MB, Compressed Oops mode: 32-bit

CDS archive(s) mapped at: [0x000001f555000000-0x000001f555ba0000-0x000001f555ba0000), size 12189696, SharedBaseAddress: 0x000001f555000000, ArchiveRelocationMode: 1.
Compressed class space mapped at: 0x000001f556000000-0x000001f596000000, reserved size: 1073741824
Narrow klass base: 0x000001f555000000, Narrow klass shift: 0, Narrow klass range: 0x100000000

GC Precious Log:
 CardTable entry size: 512
 CPUs: 12 total, 12 available
 Memory: 16106M
 Large Page Support: Disabled
 NUMA Support: Disabled
 Compressed Oops: Enabled (32-bit)
 Alignments: Space 512K, Generation 512K, Heap 2M
 Heap Min Capacity: 100M
 Heap Initial Capacity: 100M
 Heap Max Capacity: 1G
 Pre-touch: Disabled
 Parallel Workers: 10

Heap:
 PSYoungGen      total 22528K, used 9077K [0x00000000eab00000, 0x00000000ec800000, 0x0000000100000000)
  eden space 22016K, 38% used [0x00000000eab00000,0x00000000eb35ec60,0x00000000ec080000)
  from space 512K, 98% used [0x00000000ec780000,0x00000000ec7fe998,0x00000000ec800000)
  to   space 1024K, 0% used [0x00000000ec600000,0x00000000ec600000,0x00000000ec700000)
 ParOldGen       total 68608K, used 39840K [0x00000000c0000000, 0x00000000c4300000, 0x00000000eab00000)
  object space 68608K, 58% used [0x00000000c0000000,0x00000000c26e8040,0x00000000c4300000)
 Metaspace       used 58261K, committed 59520K, reserved 1114112K
  class space    used 7141K, committed 7680K, reserved 1048576K

Card table byte_map: [0x000001f5402b0000,0x000001f5404c0000] _byte_map_base: 0x000001f53fcb0000

Marking Bits: (ParMarkBitMap*) 0x00007ffd251d3260
 Begin Bits: [0x000001f552b00000, 0x000001f553b00000)
 End Bits:   [0x000001f553b00000, 0x000001f554b00000)

Polling page: 0x000001f53e740000

Metaspace:

Usage:
  Non-class:     49.93 MB used.
      Class:      6.97 MB used.
       Both:     56.90 MB used.

Virtual space:
  Non-class space:       64.00 MB reserved,      50.62 MB ( 79%) committed,  1 nodes.
      Class space:        1.00 GB reserved,       7.50 MB ( <1%) committed,  1 nodes.
             Both:        1.06 GB reserved,      58.12 MB (  5%) committed. 

Chunk freelists:
   Non-Class:  13.08 MB
       Class:  8.53 MB
        Both:  21.61 MB

MaxMetaspaceSize: unlimited
CompressedClassSpaceSize: 1.00 GB
Initial GC threshold: 21.00 MB
Current GC threshold: 58.38 MB
CDS: on
 - commit_granule_bytes: 65536.
 - commit_granule_words: 8192.
 - virtual_space_node_default_size: 8388608.
 - enlarge_chunks_in_place: 1.
 - use_allocation_guard: 0.


Internal statistics:

num_allocs_failed_limit: 6.
num_arena_births: 898.
num_arena_deaths: 14.
num_vsnodes_births: 2.
num_vsnodes_deaths: 0.
num_space_committed: 930.
num_space_uncommitted: 0.
num_chunks_returned_to_freelist: 20.
num_chunks_taken_from_freelist: 3335.
num_chunk_merges: 9.
num_chunk_splits: 2212.
num_chunks_enlarged: 1461.
num_inconsistent_stats: 0.

CodeHeap 'non-profiled nmethods': size=120000Kb used=4062Kb max_used=4062Kb free=115937Kb
 bounds [0x000001f54b5d0000, 0x000001f54b9d0000, 0x000001f552b00000]
CodeHeap 'profiled nmethods': size=120000Kb used=12821Kb max_used=12821Kb free=107179Kb
 bounds [0x000001f543b00000, 0x000001f544790000, 0x000001f54b030000]
CodeHeap 'non-nmethods': size=5760Kb used=1380Kb max_used=1465Kb free=4379Kb
 bounds [0x000001f54b030000, 0x000001f54b2a0000, 0x000001f54b5d0000]
 total_blobs=6971 nmethods=6303 adapters=574
 compilation: enabled
              stopped_count=0, restarted_count=0
 full_count=0

Compilation events (20 events):
Event: 6.317 Thread 0x000001f5409ca920 6839       4       sun.net.util.IPAddressUtil::checkHost (156 bytes)
Event: 6.317 Thread 0x000001f59d102460 6840       4       sun.net.util.IPAddressUtil::scan (92 bytes)
Event: 6.319 Thread 0x000001f59d102460 nmethod 6840 0x000001f54b9c2490 code [0x000001f54b9c2640, 0x000001f54b9c28d8]
Event: 6.320 Thread 0x000001f5409ca920 nmethod 6839 0x000001f54b9c2c10 code [0x000001f54b9c2dc0, 0x000001f54b9c3078]
Event: 6.322 Thread 0x000001f59d102460 6841       4       org.eclipse.osgi.storage.bundlefile.ZipBundleEntry::getName (8 bytes)
Event: 6.322 Thread 0x000001f59d102460 nmethod 6841 0x000001f54b9c3410 code [0x000001f54b9c35a0, 0x000001f54b9c3650]
Event: 6.334 Thread 0x000001f5409cd820 6842       3       org.eclipse.core.internal.jobs.JobListeners::sendEventsAsync (26 bytes)
Event: 6.334 Thread 0x000001f5409cd820 nmethod 6842 0x000001f544763f90 code [0x000001f544764160, 0x000001f544764538]
Event: 6.340 Thread 0x000001f5409ca920 6843   !   4       org.eclipse.osgi.internal.loader.classpath.ClasspathManager::defineClass (636 bytes)
Event: 6.341 Thread 0x000001f5409cd820 6844       3       org.eclipse.osgi.internal.loader.BundleLoader::getResourcePackageName (57 bytes)
Event: 6.342 Thread 0x000001f5409cd820 nmethod 6844 0x000001f544764690 code [0x000001f544764920, 0x000001f544765440]
Event: 6.344 Thread 0x000001f5409cd820 6845   !   3       org.eclipse.core.internal.jobs.JobListeners::waitAndSendEvents (445 bytes)
Event: 6.346 Thread 0x000001f5409cd820 nmethod 6845 0x000001f544765890 code [0x000001f544765ec0, 0x000001f544768ca8]
Event: 6.348 Thread 0x000001f59d102460 6846       4       java.util.ArrayDeque::remove (5 bytes)
Event: 6.349 Thread 0x000001f59d102460 nmethod 6846 0x000001f54b9c3710 code [0x000001f54b9c38a0, 0x000001f54b9c39a8]
Event: 6.349 Thread 0x000001f59d102460 6847   !   4       org.eclipse.osgi.internal.weaving.WeavingHookConfigurator::processClass (245 bytes)
Event: 6.351 Thread 0x000001f5409cd820 6849   !   3       org.gradle.internal.daemon.client.serialization.ClasspathInferer::find (383 bytes)
Event: 6.354 Thread 0x000001f5409cd820 nmethod 6849 0x000001f54476a410 code [0x000001f54476aae0, 0x000001f54476ddd0]
Event: 6.369 Thread 0x000001f5409cd820 6851   !   3       org.eclipse.osgi.storage.bundlefile.BundleFile::createURL (36 bytes)
Event: 6.369 Thread 0x000001f5409cd820 nmethod 6851 0x000001f54476fa10 code [0x000001f54476fc80, 0x000001f544770438]

GC Heap History (20 events):
Event: 5.058 GC heap before
{Heap before GC invocations=23 (full 2):
 PSYoungGen      total 22528K, used 22528K [0x00000000eab00000, 0x00000000ec380000, 0x0000000100000000)
  eden space 22016K, 100% used [0x00000000eab00000,0x00000000ec080000,0x00000000ec080000)
  from space 512K, 100% used [0x00000000ec300000,0x00000000ec380000,0x00000000ec380000)
  to   space 1024K, 0% used [0x00000000ec180000,0x00000000ec180000,0x00000000ec280000)
 ParOldGen       total 68608K, used 22347K [0x00000000c0000000, 0x00000000c4300000, 0x00000000eab00000)
  object space 68608K, 32% used [0x00000000c0000000,0x00000000c15d2e28,0x00000000c4300000)
 Metaspace       used 47359K, committed 48512K, reserved 1114112K
  class space    used 5208K, committed 5696K, reserved 1048576K
}
Event: 5.061 GC heap after
{Heap after GC invocations=23 (full 2):
 PSYoungGen      total 23040K, used 1020K [0x00000000eab00000, 0x00000000ed580000, 0x0000000100000000)
  eden space 22016K, 0% used [0x00000000eab00000,0x00000000eab00000,0x00000000ec080000)
  from space 1024K, 99% used [0x00000000ec180000,0x00000000ec27f1f0,0x00000000ec280000)
  to   space 10752K, 0% used [0x00000000ecb00000,0x00000000ecb00000,0x00000000ed580000)
 ParOldGen       total 68608K, used 30376K [0x00000000c0000000, 0x00000000c4300000, 0x00000000eab00000)
  object space 68608K, 44% used [0x00000000c0000000,0x00000000c1daa180,0x00000000c4300000)
 Metaspace       used 47359K, committed 48512K, reserved 1114112K
  class space    used 5208K, committed 5696K, reserved 1048576K
}
Event: 5.210 GC heap before
{Heap before GC invocations=24 (full 2):
 PSYoungGen      total 23040K, used 23036K [0x00000000eab00000, 0x00000000ed580000, 0x0000000100000000)
  eden space 22016K, 100% used [0x00000000eab00000,0x00000000ec080000,0x00000000ec080000)
  from space 1024K, 99% used [0x00000000ec180000,0x00000000ec27f1f0,0x00000000ec280000)
  to   space 10752K, 0% used [0x00000000ecb00000,0x00000000ecb00000,0x00000000ed580000)
 ParOldGen       total 68608K, used 30376K [0x00000000c0000000, 0x00000000c4300000, 0x00000000eab00000)
  object space 68608K, 44% used [0x00000000c0000000,0x00000000c1daa180,0x00000000c4300000)
 Metaspace       used 48587K, committed 49664K, reserved 1114112K
  class space    used 5411K, committed 5888K, reserved 1048576K
}
Event: 5.211 GC heap after
{Heap after GC invocations=24 (full 2):
 PSYoungGen      total 23040K, used 928K [0x00000000eab00000, 0x00000000ecc00000, 0x0000000100000000)
  eden space 22016K, 0% used [0x00000000eab00000,0x00000000eab00000,0x00000000ec080000)
  from space 1024K, 90% used [0x00000000ecb00000,0x00000000ecbe8000,0x00000000ecc00000)
  to   space 4096K, 0% used [0x00000000ec400000,0x00000000ec400000,0x00000000ec800000)
 ParOldGen       total 68608K, used 31372K [0x00000000c0000000, 0x00000000c4300000, 0x00000000eab00000)
  object space 68608K, 45% used [0x00000000c0000000,0x00000000c1ea3378,0x00000000c4300000)
 Metaspace       used 48587K, committed 49664K, reserved 1114112K
  class space    used 5411K, committed 5888K, reserved 1048576K
}
Event: 5.376 GC heap before
{Heap before GC invocations=25 (full 2):
 PSYoungGen      total 23040K, used 22944K [0x00000000eab00000, 0x00000000ecc00000, 0x0000000100000000)
  eden space 22016K, 100% used [0x00000000eab00000,0x00000000ec080000,0x00000000ec080000)
  from space 1024K, 90% used [0x00000000ecb00000,0x00000000ecbe8000,0x00000000ecc00000)
  to   space 4096K, 0% used [0x00000000ec400000,0x00000000ec400000,0x00000000ec800000)
 ParOldGen       total 68608K, used 31372K [0x00000000c0000000, 0x00000000c4300000, 0x00000000eab00000)
  object space 68608K, 45% used [0x00000000c0000000,0x00000000c1ea3378,0x00000000c4300000)
 Metaspace       used 48612K, committed 49792K, reserved 1114112K
  class space    used 5412K, committed 5888K, reserved 1048576K
}
Event: 5.377 GC heap after
{Heap after GC invocations=25 (full 2):
 PSYoungGen      total 26112K, used 704K [0x00000000eab00000, 0x00000000ecb80000, 0x0000000100000000)
  eden space 22016K, 0% used [0x00000000eab00000,0x00000000eab00000,0x00000000ec080000)
  from space 4096K, 17% used [0x00000000ec400000,0x00000000ec4b0000,0x00000000ec800000)
  to   space 1536K, 0% used [0x00000000eca00000,0x00000000eca00000,0x00000000ecb80000)
 ParOldGen       total 68608K, used 32145K [0x00000000c0000000, 0x00000000c4300000, 0x00000000eab00000)
  object space 68608K, 46% used [0x00000000c0000000,0x00000000c1f64738,0x00000000c4300000)
 Metaspace       used 48612K, committed 49792K, reserved 1114112K
  class space    used 5412K, committed 5888K, reserved 1048576K
}
Event: 5.500 GC heap before
{Heap before GC invocations=26 (full 2):
 PSYoungGen      total 26112K, used 22720K [0x00000000eab00000, 0x00000000ecb80000, 0x0000000100000000)
  eden space 22016K, 100% used [0x00000000eab00000,0x00000000ec080000,0x00000000ec080000)
  from space 4096K, 17% used [0x00000000ec400000,0x00000000ec4b0000,0x00000000ec800000)
  to   space 1536K, 0% used [0x00000000eca00000,0x00000000eca00000,0x00000000ecb80000)
 ParOldGen       total 68608K, used 32145K [0x00000000c0000000, 0x00000000c4300000, 0x00000000eab00000)
  object space 68608K, 46% used [0x00000000c0000000,0x00000000c1f64738,0x00000000c4300000)
 Metaspace       used 48624K, committed 49792K, reserved 1114112K
  class space    used 5412K, committed 5888K, reserved 1048576K
}
Event: 5.501 GC heap after
{Heap after GC invocations=26 (full 2):
 PSYoungGen      total 23552K, used 1532K [0x00000000eab00000, 0x00000000ecb80000, 0x0000000100000000)
  eden space 22016K, 0% used [0x00000000eab00000,0x00000000eab00000,0x00000000ec080000)
  from space 1536K, 99% used [0x00000000eca00000,0x00000000ecb7f1f8,0x00000000ecb80000)
  to   space 5120K, 0% used [0x00000000ec180000,0x00000000ec180000,0x00000000ec680000)
 ParOldGen       total 68608K, used 34860K [0x00000000c0000000, 0x00000000c4300000, 0x00000000eab00000)
  object space 68608K, 50% used [0x00000000c0000000,0x00000000c220b290,0x00000000c4300000)
 Metaspace       used 48624K, committed 49792K, reserved 1114112K
  class space    used 5412K, committed 5888K, reserved 1048576K
}
Event: 5.633 GC heap before
{Heap before GC invocations=27 (full 2):
 PSYoungGen      total 23552K, used 23548K [0x00000000eab00000, 0x00000000ecb80000, 0x0000000100000000)
  eden space 22016K, 100% used [0x00000000eab00000,0x00000000ec080000,0x00000000ec080000)
  from space 1536K, 99% used [0x00000000eca00000,0x00000000ecb7f1f8,0x00000000ecb80000)
  to   space 5120K, 0% used [0x00000000ec180000,0x00000000ec180000,0x00000000ec680000)
 ParOldGen       total 68608K, used 34860K [0x00000000c0000000, 0x00000000c4300000, 0x00000000eab00000)
  object space 68608K, 50% used [0x00000000c0000000,0x00000000c220b290,0x00000000c4300000)
 Metaspace       used 49726K, committed 50880K, reserved 1114112K
  class space    used 5627K, committed 6144K, reserved 1048576K
}
Event: 5.634 GC heap after
{Heap after GC invocations=27 (full 2):
 PSYoungGen      total 27136K, used 1233K [0x00000000eab00000, 0x00000000eca80000, 0x0000000100000000)
  eden space 22016K, 0% used [0x00000000eab00000,0x00000000eab00000,0x00000000ec080000)
  from space 5120K, 24% used [0x00000000ec180000,0x00000000ec2b4670,0x00000000ec680000)
  to   space 2560K, 0% used [0x00000000ec800000,0x00000000ec800000,0x00000000eca80000)
 ParOldGen       total 68608K, used 36408K [0x00000000c0000000, 0x00000000c4300000, 0x00000000eab00000)
  object space 68608K, 53% used [0x00000000c0000000,0x00000000c238e108,0x00000000c4300000)
 Metaspace       used 49726K, committed 50880K, reserved 1114112K
  class space    used 5627K, committed 6144K, reserved 1048576K
}
Event: 5.855 GC heap before
{Heap before GC invocations=28 (full 2):
 PSYoungGen      total 27136K, used 23249K [0x00000000eab00000, 0x00000000eca80000, 0x0000000100000000)
  eden space 22016K, 100% used [0x00000000eab00000,0x00000000ec080000,0x00000000ec080000)
  from space 5120K, 24% used [0x00000000ec180000,0x00000000ec2b4670,0x00000000ec680000)
  to   space 2560K, 0% used [0x00000000ec800000,0x00000000ec800000,0x00000000eca80000)
 ParOldGen       total 68608K, used 36408K [0x00000000c0000000, 0x00000000c4300000, 0x00000000eab00000)
  object space 68608K, 53% used [0x00000000c0000000,0x00000000c238e108,0x00000000c4300000)
 Metaspace       used 51936K, committed 53248K, reserved 1114112K
  class space    used 5978K, committed 6528K, reserved 1048576K
}
Event: 5.856 GC heap after
{Heap after GC invocations=28 (full 2):
 PSYoungGen      total 23040K, used 768K [0x00000000eab00000, 0x00000000ec900000, 0x0000000100000000)
  eden space 22016K, 0% used [0x00000000eab00000,0x00000000eab00000,0x00000000ec080000)
  from space 1024K, 75% used [0x00000000ec800000,0x00000000ec8c0000,0x00000000ec900000)
  to   space 1536K, 0% used [0x00000000ec600000,0x00000000ec600000,0x00000000ec780000)
 ParOldGen       total 68608K, used 37456K [0x00000000c0000000, 0x00000000c4300000, 0x00000000eab00000)
  object space 68608K, 54% used [0x00000000c0000000,0x00000000c2494108,0x00000000c4300000)
 Metaspace       used 51936K, committed 53248K, reserved 1114112K
  class space    used 5978K, committed 6528K, reserved 1048576K
}
Event: 6.038 GC heap before
{Heap before GC invocations=29 (full 2):
 PSYoungGen      total 23040K, used 22784K [0x00000000eab00000, 0x00000000ec900000, 0x0000000100000000)
  eden space 22016K, 100% used [0x00000000eab00000,0x00000000ec080000,0x00000000ec080000)
  from space 1024K, 75% used [0x00000000ec800000,0x00000000ec8c0000,0x00000000ec900000)
  to   space 1536K, 0% used [0x00000000ec600000,0x00000000ec600000,0x00000000ec780000)
 ParOldGen       total 68608K, used 37456K [0x00000000c0000000, 0x00000000c4300000, 0x00000000eab00000)
  object space 68608K, 54% used [0x00000000c0000000,0x00000000c2494108,0x00000000c4300000)
 Metaspace       used 53800K, committed 55104K, reserved 1114112K
  class space    used 6229K, committed 6784K, reserved 1048576K
}
Event: 6.040 GC heap after
{Heap after GC invocations=29 (full 2):
 PSYoungGen      total 23552K, used 1393K [0x00000000eab00000, 0x00000000ec880000, 0x0000000100000000)
  eden space 22016K, 0% used [0x00000000eab00000,0x00000000eab00000,0x00000000ec080000)
  from space 1536K, 90% used [0x00000000ec600000,0x00000000ec75c7b0,0x00000000ec780000)
  to   space 1024K, 0% used [0x00000000ec780000,0x00000000ec780000,0x00000000ec880000)
 ParOldGen       total 68608K, used 38057K [0x00000000c0000000, 0x00000000c4300000, 0x00000000eab00000)
  object space 68608K, 55% used [0x00000000c0000000,0x00000000c252a470,0x00000000c4300000)
 Metaspace       used 53800K, committed 55104K, reserved 1114112K
  class space    used 6229K, committed 6784K, reserved 1048576K
}
Event: 6.146 GC heap before
{Heap before GC invocations=30 (full 2):
 PSYoungGen      total 23552K, used 23409K [0x00000000eab00000, 0x00000000ec880000, 0x0000000100000000)
  eden space 22016K, 100% used [0x00000000eab00000,0x00000000ec080000,0x00000000ec080000)
  from space 1536K, 90% used [0x00000000ec600000,0x00000000ec75c7b0,0x00000000ec780000)
  to   space 1024K, 0% used [0x00000000ec780000,0x00000000ec780000,0x00000000ec880000)
 ParOldGen       total 68608K, used 38057K [0x00000000c0000000, 0x00000000c4300000, 0x00000000eab00000)
  object space 68608K, 55% used [0x00000000c0000000,0x00000000c252a470,0x00000000c4300000)
 Metaspace       used 55279K, committed 56576K, reserved 1114112K
  class space    used 6512K, committed 7040K, reserved 1048576K
}
Event: 6.147 GC heap after
{Heap after GC invocations=30 (full 2):
 PSYoungGen      total 23040K, used 657K [0x00000000eab00000, 0x00000000ec880000, 0x0000000100000000)
  eden space 22016K, 0% used [0x00000000eab00000,0x00000000eab00000,0x00000000ec080000)
  from space 1024K, 64% used [0x00000000ec780000,0x00000000ec8247c0,0x00000000ec880000)
  to   space 1024K, 0% used [0x00000000ec680000,0x00000000ec680000,0x00000000ec780000)
 ParOldGen       total 68608K, used 39267K [0x00000000c0000000, 0x00000000c4300000, 0x00000000eab00000)
  object space 68608K, 57% used [0x00000000c0000000,0x00000000c2658eb8,0x00000000c4300000)
 Metaspace       used 55279K, committed 56576K, reserved 1114112K
  class space    used 6512K, committed 7040K, reserved 1048576K
}
Event: 6.245 GC heap before
{Heap before GC invocations=31 (full 2):
 PSYoungGen      total 23040K, used 22673K [0x00000000eab00000, 0x00000000ec880000, 0x0000000100000000)
  eden space 22016K, 100% used [0x00000000eab00000,0x00000000ec080000,0x00000000ec080000)
  from space 1024K, 64% used [0x00000000ec780000,0x00000000ec8247c0,0x00000000ec880000)
  to   space 1024K, 0% used [0x00000000ec680000,0x00000000ec680000,0x00000000ec780000)
 ParOldGen       total 68608K, used 39267K [0x00000000c0000000, 0x00000000c4300000, 0x00000000eab00000)
  object space 68608K, 57% used [0x00000000c0000000,0x00000000c2658eb8,0x00000000c4300000)
 Metaspace       used 56530K, committed 57792K, reserved 1114112K
  class space    used 6806K, committed 7360K, reserved 1048576K
}
Event: 6.246 GC heap after
{Heap after GC invocations=31 (full 2):
 PSYoungGen      total 23040K, used 682K [0x00000000eab00000, 0x00000000ec800000, 0x0000000100000000)
  eden space 22016K, 0% used [0x00000000eab00000,0x00000000eab00000,0x00000000ec080000)
  from space 1024K, 66% used [0x00000000ec680000,0x00000000ec72aa50,0x00000000ec780000)
  to   space 512K, 0% used [0x00000000ec780000,0x00000000ec780000,0x00000000ec800000)
 ParOldGen       total 68608K, used 39403K [0x00000000c0000000, 0x00000000c4300000, 0x00000000eab00000)
  object space 68608K, 57% used [0x00000000c0000000,0x00000000c267aeb8,0x00000000c4300000)
 Metaspace       used 56530K, committed 57792K, reserved 1114112K
  class space    used 6806K, committed 7360K, reserved 1048576K
}
Event: 6.341 GC heap before
{Heap before GC invocations=32 (full 2):
 PSYoungGen      total 23040K, used 22698K [0x00000000eab00000, 0x00000000ec800000, 0x0000000100000000)
  eden space 22016K, 100% used [0x00000000eab00000,0x00000000ec080000,0x00000000ec080000)
  from space 1024K, 66% used [0x00000000ec680000,0x00000000ec72aa50,0x00000000ec780000)
  to   space 512K, 0% used [0x00000000ec780000,0x00000000ec780000,0x00000000ec800000)
 ParOldGen       total 68608K, used 39403K [0x00000000c0000000, 0x00000000c4300000, 0x00000000eab00000)
  object space 68608K, 57% used [0x00000000c0000000,0x00000000c267aeb8,0x00000000c4300000)
 Metaspace       used 57703K, committed 58944K, reserved 1114112K
  class space    used 7055K, committed 7552K, reserved 1048576K
}
Event: 6.342 GC heap after
{Heap after GC invocations=32 (full 2):
 PSYoungGen      total 22528K, used 506K [0x00000000eab00000, 0x00000000ec800000, 0x0000000100000000)
  eden space 22016K, 0% used [0x00000000eab00000,0x00000000eab00000,0x00000000ec080000)
  from space 512K, 98% used [0x00000000ec780000,0x00000000ec7fe998,0x00000000ec800000)
  to   space 1024K, 0% used [0x00000000ec600000,0x00000000ec600000,0x00000000ec700000)
 ParOldGen       total 68608K, used 39840K [0x00000000c0000000, 0x00000000c4300000, 0x00000000eab00000)
  object space 68608K, 58% used [0x00000000c0000000,0x00000000c26e8040,0x00000000c4300000)
 Metaspace       used 57703K, committed 58944K, reserved 1114112K
  class space    used 7055K, committed 7552K, reserved 1048576K
}

Dll operation events (13 events):
Event: 0.006 Loaded shared library c:\Users\ASUS\.vscode\extensions\redhat.java-1.41.1-win32-x64\jre\21.0.6-win32-x86_64\bin\java.dll
Event: 0.049 Loaded shared library c:\Users\ASUS\.vscode\extensions\redhat.java-1.41.1-win32-x64\jre\21.0.6-win32-x86_64\bin\zip.dll
Event: 0.062 Loaded shared library C:\Users\ASUS\.vscode\extensions\redhat.java-1.41.1-win32-x64\jre\21.0.6-win32-x86_64\bin\instrument.dll
Event: 0.067 Loaded shared library C:\Users\ASUS\.vscode\extensions\redhat.java-1.41.1-win32-x64\jre\21.0.6-win32-x86_64\bin\net.dll
Event: 0.069 Loaded shared library C:\Users\ASUS\.vscode\extensions\redhat.java-1.41.1-win32-x64\jre\21.0.6-win32-x86_64\bin\nio.dll
Event: 0.071 Loaded shared library C:\Users\ASUS\.vscode\extensions\redhat.java-1.41.1-win32-x64\jre\21.0.6-win32-x86_64\bin\zip.dll
Event: 0.085 Loaded shared library C:\Users\ASUS\.vscode\extensions\redhat.java-1.41.1-win32-x64\jre\21.0.6-win32-x86_64\bin\jimage.dll
Event: 0.142 Loaded shared library c:\Users\ASUS\.vscode\extensions\redhat.java-1.41.1-win32-x64\jre\21.0.6-win32-x86_64\bin\verify.dll
Event: 0.823 Loaded shared library C:\Users\ASUS\AppData\Roaming\Code\User\globalStorage\redhat.java\1.41.1\config_win\org.eclipse.equinox.launcher\org.eclipse.equinox.launcher.win32.win32.x86_64_1.2.1300.v20250331-1702\eclipse_11911.dll
Event: 2.452 Loaded shared library C:\Users\ASUS\.vscode\extensions\redhat.java-1.41.1-win32-x64\jre\21.0.6-win32-x86_64\bin\management.dll
Event: 2.454 Loaded shared library C:\Users\ASUS\.vscode\extensions\redhat.java-1.41.1-win32-x64\jre\21.0.6-win32-x86_64\bin\management_ext.dll
Event: 2.632 Loaded shared library C:\Users\ASUS\AppData\Local\Temp\jna-2018896\jna1942210447359287365.dll
Event: 5.055 Loaded shared library C:\Users\ASUS\.gradle\native\1def1411415f61bf3af743bc5b6707747c0891f09f0c88961ee8f79bc544acac\windows-amd64\native-platform.dll

Deoptimization events (20 events):
Event: 5.934 Thread 0x000001f59e42e720 Uncommon trap: trap_request=0xffffffbe fr.pc=0x000001f54b994578 relative=0x0000000000000298
Event: 5.934 Thread 0x000001f59e42e720 Uncommon trap: reason=profile_predicate action=maybe_recompile pc=0x000001f54b994578 method=java.util.regex.Pattern$BnM.optimize(Ljava/util/regex/Pattern$Node;)Ljava/util/regex/Pattern$Node; @ 67 c2
Event: 5.934 Thread 0x000001f59e42e720 DEOPT PACKING pc=0x000001f54b994578 sp=0x000000d9ba8fe790
Event: 5.934 Thread 0x000001f59e42e720 DEOPT UNPACKING pc=0x000001f54b086da2 sp=0x000000d9ba8fe718 mode 2
Event: 5.934 Thread 0x000001f59e42e720 Uncommon trap: trap_request=0xffffffbe fr.pc=0x000001f54b994578 relative=0x0000000000000298
Event: 5.934 Thread 0x000001f59e42e720 Uncommon trap: reason=profile_predicate action=maybe_recompile pc=0x000001f54b994578 method=java.util.regex.Pattern$BnM.optimize(Ljava/util/regex/Pattern$Node;)Ljava/util/regex/Pattern$Node; @ 67 c2
Event: 5.934 Thread 0x000001f59e42e720 DEOPT PACKING pc=0x000001f54b994578 sp=0x000000d9ba8fe790
Event: 5.934 Thread 0x000001f59e42e720 DEOPT UNPACKING pc=0x000001f54b086da2 sp=0x000000d9ba8fe718 mode 2
Event: 5.934 Thread 0x000001f59e42e720 Uncommon trap: trap_request=0xffffffbe fr.pc=0x000001f54b994578 relative=0x0000000000000298
Event: 5.934 Thread 0x000001f59e42e720 Uncommon trap: reason=profile_predicate action=maybe_recompile pc=0x000001f54b994578 method=java.util.regex.Pattern$BnM.optimize(Ljava/util/regex/Pattern$Node;)Ljava/util/regex/Pattern$Node; @ 67 c2
Event: 5.934 Thread 0x000001f59e42e720 DEOPT PACKING pc=0x000001f54b994578 sp=0x000000d9ba8fe790
Event: 5.934 Thread 0x000001f59e42e720 DEOPT UNPACKING pc=0x000001f54b086da2 sp=0x000000d9ba8fe718 mode 2
Event: 6.139 Thread 0x000001f59e42e720 DEOPT PACKING pc=0x000001f54474c2b3 sp=0x000000d9ba8f9520
Event: 6.139 Thread 0x000001f59e42e720 DEOPT UNPACKING pc=0x000001f54b0878e2 sp=0x000000d9ba8f8a30 mode 0
Event: 6.349 Thread 0x000001f59e42e720 Uncommon trap: trap_request=0xffffff45 fr.pc=0x000001f54b9ab940 relative=0x00000000000040e0
Event: 6.349 Thread 0x000001f59e42e720 Uncommon trap: reason=unstable_if action=reinterpret pc=0x000001f54b9ab940 method=org.gradle.internal.daemon.client.serialization.ClasspathInferer.find(Ljava/lang/Class;Ljava/util/Collection;Ljava/util/Collection;)V @ 16 c2
Event: 6.349 Thread 0x000001f59e42e720 DEOPT PACKING pc=0x000001f54b9ab940 sp=0x000000d9ba8fd290
Event: 6.349 Thread 0x000001f59e42e720 DEOPT UNPACKING pc=0x000001f54b086da2 sp=0x000000d9ba8fd248 mode 2
Event: 6.359 Thread 0x000001f59e42e720 DEOPT PACKING pc=0x000001f54476d8e8 sp=0x000000d9ba8fd4d0
Event: 6.359 Thread 0x000001f59e42e720 DEOPT UNPACKING pc=0x000001f54b0878e2 sp=0x000000d9ba8fca78 mode 0

Classes loaded (20 events):
Event: 6.203 Loading class java/util/PrimitiveIterator$OfDouble
Event: 6.203 Loading class java/util/PrimitiveIterator
Event: 6.203 Loading class java/util/PrimitiveIterator done
Event: 6.203 Loading class java/util/PrimitiveIterator$OfDouble done
Event: 6.203 Loading class java/util/PrimitiveIterator$OfLong
Event: 6.203 Loading class java/util/PrimitiveIterator$OfLong done
Event: 6.204 Loading class java/util/PrimitiveIterator$OfInt
Event: 6.204 Loading class java/util/PrimitiveIterator$OfInt done
Event: 6.204 Loading class java/util/stream/LongStream
Event: 6.205 Loading class java/util/stream/LongStream done
Event: 6.205 Loading class java/util/stream/DoubleStream
Event: 6.205 Loading class java/util/stream/DoubleStream done
Event: 6.267 Loading class java/util/concurrent/atomic/AtomicIntegerFieldUpdater
Event: 6.267 Loading class java/util/concurrent/atomic/AtomicIntegerFieldUpdater done
Event: 6.279 Loading class java/util/concurrent/LinkedBlockingDeque
Event: 6.279 Loading class java/util/concurrent/BlockingDeque
Event: 6.279 Loading class java/util/concurrent/BlockingDeque done
Event: 6.279 Loading class java/util/concurrent/LinkedBlockingDeque done
Event: 6.279 Loading class java/util/concurrent/PriorityBlockingQueue
Event: 6.280 Loading class java/util/concurrent/PriorityBlockingQueue done

Classes unloaded (7 events):
Event: 2.121 Thread 0x000001f597230090 Unloading class 0x000001f556194400 'java/lang/invoke/LambdaForm$MH+0x000001f556194400'
Event: 2.121 Thread 0x000001f597230090 Unloading class 0x000001f556194000 'java/lang/invoke/LambdaForm$MH+0x000001f556194000'
Event: 2.121 Thread 0x000001f597230090 Unloading class 0x000001f556193c00 'java/lang/invoke/LambdaForm$MH+0x000001f556193c00'
Event: 2.121 Thread 0x000001f597230090 Unloading class 0x000001f556193800 'java/lang/invoke/LambdaForm$MH+0x000001f556193800'
Event: 2.121 Thread 0x000001f597230090 Unloading class 0x000001f556193400 'java/lang/invoke/LambdaForm$BMH+0x000001f556193400'
Event: 2.121 Thread 0x000001f597230090 Unloading class 0x000001f556193000 'java/lang/invoke/LambdaForm$DMH+0x000001f556193000'
Event: 2.121 Thread 0x000001f597230090 Unloading class 0x000001f556191c00 'java/lang/invoke/LambdaForm$DMH+0x000001f556191c00'

Classes redefined (0 events):
No events

Internal exceptions (20 events):
Event: 4.811 Thread 0x000001f59d9fffd0 Exception <a 'sun/nio/fs/WindowsException'{0x00000000eb170370}> (0x00000000eb170370) 
thrown [s\src\hotspot\share\prims\jni.cpp, line 520]
Event: 4.811 Thread 0x000001f59d9fffd0 Exception <a 'sun/nio/fs/WindowsException'{0x00000000eb1709a0}> (0x00000000eb1709a0) 
thrown [s\src\hotspot\share\prims\jni.cpp, line 520]
Event: 4.812 Thread 0x000001f59d9fffd0 Exception <a 'java/lang/NoSuchMethodError'{0x00000000eb185498}: 'void java.lang.invoke.DirectMethodHandle$Holder.invokeVirtual(java.lang.Object, java.lang.Object, java.lang.Object, java.lang.Object)'> (0x00000000eb185498) 
thrown [s\src\hotspot\share\interpreter\linkResolver.cpp, line 773]
Event: 4.858 Thread 0x000001f59d9fffd0 Exception <a 'java/lang/NoSuchMethodError'{0x00000000eb832a20}: 'java.lang.Object java.lang.invoke.DirectMethodHandle$Holder.invokeVirtual(java.lang.Object, java.lang.Object, java.lang.Object, java.lang.Object)'> (0x00000000eb832a20) 
thrown [s\src\hotspot\share\interpreter\linkResolver.cpp, line 773]
Event: 4.859 Thread 0x000001f59d9fffd0 Exception <a 'java/lang/NoSuchMethodError'{0x00000000eb854dc0}: 'java.lang.Object java.lang.invoke.DirectMethodHandle$Holder.invokeVirtual(java.lang.Object, java.lang.Object, java.lang.Object, java.lang.Object, java.lang.Object)'> (0x00000000eb854dc0) 
thrown [s\src\hotspot\share\interpreter\linkResolver.cpp, line 773]
Event: 5.614 Thread 0x000001f59de6a9c0 Exception <a 'java/lang/NoSuchMethodError'{0x00000000ebe34740}: 'java.lang.Object java.lang.invoke.DirectMethodHandle$Holder.invokeVirtual(java.lang.Object, java.lang.Object, java.lang.Object, java.lang.Object, java.lang.Object, java.lang.Object)'> (0x00000000ebe34740) 
thrown [s\src\hotspot\share\interpreter\linkResolver.cpp, line 773]
Event: 5.655 Thread 0x000001f59de6a9c0 Exception <a 'java/lang/NoSuchMethodError'{0x00000000ead91568}: 'java.lang.Object java.lang.invoke.DirectMethodHandle$Holder.invokeVirtual(java.lang.Object, java.lang.Object, java.lang.Object, java.lang.Object, java.lang.Object, java.lang.Object, java.lang.Object)'> (0x00000000ead91568) 
thrown [s\src\hotspot\share\interpreter\linkResolver.cpp, line 773]
Event: 5.670 Thread 0x000001f59de6a9c0 Exception <a 'java/lang/NoSuchMethodError'{0x00000000eaf74dc0}: 'java.lang.Object java.lang.invoke.DirectMethodHandle$Holder.invokeVirtual(java.lang.Object, java.lang.Object, java.lang.Object, java.lang.Object, java.lang.Object, java.lang.Object, java.lang.Object, java.lang.Object, java.lang.Object, java.lang.Object, java.lang.Object)'> (0x00000000eaf74dc0) 
thrown [s\src\hotspot\share\interpreter\linkResolver.cpp, line 773]
Event: 5.673 Thread 0x000001f59de6a9c0 Exception <a 'java/lang/NoSuchMethodError'{0x00000000eafc5850}: 'java.lang.Object java.lang.invoke.DirectMethodHandle$Holder.invokeStatic(java.lang.Object, java.lang.Object, java.lang.Object, java.lang.Object, java.lang.Object, java.lang.Object, java.lang.Object, java.lang.Object, java.lang.Object, java.lang.Object, java.lang.Object, java.lang.Object, java.lang.Object)'> (0x00000000eafc5850) 
thrown [s\src\hotspot\share\interpreter\linkResolver.cpp, line 773]
Event: 5.810 Thread 0x000001f59d9fffd0 Exception <a 'java/lang/NoSuchMethodError'{0x00000000ebd62cb8}: 'java.lang.Object java.lang.invoke.DirectMethodHandle$Holder.invokeStaticInit(java.lang.Object, int)'> (0x00000000ebd62cb8) 
thrown [s\src\hotspot\share\interpreter\linkResolver.cpp, line 773]
Event: 5.812 Thread 0x000001f59d9fffd0 Exception <a 'sun/nio/fs/WindowsException'{0x00000000ebd97d00}> (0x00000000ebd97d00) 
thrown [s\src\hotspot\share\prims\jni.cpp, line 520]
Event: 5.814 Thread 0x000001f59d9ff2b0 Exception <a 'sun/nio/fs/WindowsException'{0x00000000ebdfc868}> (0x00000000ebdfc868) 
thrown [s\src\hotspot\share\prims\jni.cpp, line 520]
Event: 5.828 Thread 0x000001f59d9fffd0 Exception <a 'sun/nio/fs/WindowsException'{0x00000000ebefc038}> (0x00000000ebefc038) 
thrown [s\src\hotspot\share\prims\jni.cpp, line 520]
Event: 5.832 Thread 0x000001f59d9fffd0 Exception <a 'sun/nio/fs/WindowsException'{0x00000000ebf2da58}> (0x00000000ebf2da58) 
thrown [s\src\hotspot\share\prims\jni.cpp, line 520]
Event: 5.833 Thread 0x000001f59d9fffd0 Exception <a 'sun/nio/fs/WindowsException'{0x00000000ebf36b98}> (0x00000000ebf36b98) 
thrown [s\src\hotspot\share\prims\jni.cpp, line 520]
Event: 5.877 Thread 0x000001f59d9fffd0 Exception <a 'sun/nio/fs/WindowsException'{0x00000000eac11110}> (0x00000000eac11110) 
thrown [s\src\hotspot\share\prims\jni.cpp, line 520]
Event: 5.881 Thread 0x000001f59d9fffd0 Exception <a 'java/io/FileNotFoundException'{0x00000000eac835e0}> (0x00000000eac835e0) 
thrown [s\src\hotspot\share\prims\jni.cpp, line 520]
Event: 5.881 Thread 0x000001f59d9fffd0 Exception <a 'java/io/FileNotFoundException'{0x00000000eac84888}> (0x00000000eac84888) 
thrown [s\src\hotspot\share\prims\jni.cpp, line 520]
Event: 5.881 Thread 0x000001f59d9fffd0 Exception <a 'java/io/FileNotFoundException'{0x00000000eac85890}> (0x00000000eac85890) 
thrown [s\src\hotspot\share\prims\jni.cpp, line 520]
Event: 5.907 Thread 0x000001f59d9fffd0 Exception <a 'sun/nio/fs/WindowsException'{0x00000000eae52230}> (0x00000000eae52230) 
thrown [s\src\hotspot\share\prims\jni.cpp, line 520]

ZGC Phase Switch (0 events):
No events

VM Operations (20 events):
Event: 5.633 Executing VM operation: ParallelGCFailedAllocation (Allocation Failure)
Event: 5.634 Executing VM operation: ParallelGCFailedAllocation (Allocation Failure) done
Event: 5.777 Executing VM operation: HandshakeAllThreads (Deoptimize)
Event: 5.777 Executing VM operation: HandshakeAllThreads (Deoptimize) done
Event: 5.855 Executing VM operation: ParallelGCFailedAllocation (Allocation Failure)
Event: 5.856 Executing VM operation: ParallelGCFailedAllocation (Allocation Failure) done
Event: 6.038 Executing VM operation: ParallelGCFailedAllocation (Allocation Failure)
Event: 6.040 Executing VM operation: ParallelGCFailedAllocation (Allocation Failure) done
Event: 6.146 Executing VM operation: ParallelGCFailedAllocation (Allocation Failure)
Event: 6.147 Executing VM operation: ParallelGCFailedAllocation (Allocation Failure) done
Event: 6.213 Executing VM operation: HandshakeAllThreads (Deoptimize)
Event: 6.213 Executing VM operation: HandshakeAllThreads (Deoptimize) done
Event: 6.245 Executing VM operation: ParallelGCFailedAllocation (Allocation Failure)
Event: 6.246 Executing VM operation: ParallelGCFailedAllocation (Allocation Failure) done
Event: 6.271 Executing VM operation: HandshakeAllThreads (Deoptimize)
Event: 6.271 Executing VM operation: HandshakeAllThreads (Deoptimize) done
Event: 6.292 Executing VM operation: HandshakeAllThreads (Deoptimize)
Event: 6.292 Executing VM operation: HandshakeAllThreads (Deoptimize) done
Event: 6.341 Executing VM operation: ParallelGCFailedAllocation (Allocation Failure)
Event: 6.342 Executing VM operation: ParallelGCFailedAllocation (Allocation Failure) done

Memory protections (0 events):
No events

Nmethod flushes (20 events):
Event: 3.012 Thread 0x000001f597230090 flushing  nmethod 0x000001f544150a90
Event: 3.012 Thread 0x000001f597230090 flushing  nmethod 0x000001f544151790
Event: 3.012 Thread 0x000001f597230090 flushing  nmethod 0x000001f544152f10
Event: 3.012 Thread 0x000001f597230090 flushing  nmethod 0x000001f544153810
Event: 3.012 Thread 0x000001f597230090 flushing  nmethod 0x000001f544154d10
Event: 3.012 Thread 0x000001f597230090 flushing  nmethod 0x000001f544155010
Event: 3.012 Thread 0x000001f597230090 flushing  nmethod 0x000001f54415eb10
Event: 3.012 Thread 0x000001f597230090 flushing  nmethod 0x000001f54415ef10
Event: 3.012 Thread 0x000001f597230090 flushing  nmethod 0x000001f54416e710
Event: 3.012 Thread 0x000001f597230090 flushing  nmethod 0x000001f544178090
Event: 3.012 Thread 0x000001f597230090 flushing  nmethod 0x000001f544185210
Event: 3.012 Thread 0x000001f597230090 flushing  nmethod 0x000001f544185f90
Event: 3.012 Thread 0x000001f597230090 flushing  nmethod 0x000001f544199b10
Event: 3.012 Thread 0x000001f597230090 flushing  nmethod 0x000001f5441d4990
Event: 3.012 Thread 0x000001f597230090 flushing  nmethod 0x000001f5441d5190
Event: 3.012 Thread 0x000001f597230090 flushing  nmethod 0x000001f544200810
Event: 3.012 Thread 0x000001f597230090 flushing  nmethod 0x000001f544201d90
Event: 3.012 Thread 0x000001f597230090 flushing  nmethod 0x000001f544263a10
Event: 3.012 Thread 0x000001f597230090 flushing  nmethod 0x000001f544264710
Event: 3.012 Thread 0x000001f597230090 flushing  nmethod 0x000001f544264b10

Events (20 events):
Event: 4.541 Thread 0x000001f59dcfd460 Thread exited: 0x000001f59dcfd460
Event: 4.666 Thread 0x000001f59d102460 Thread exited: 0x000001f59d102460
Event: 4.823 Thread 0x000001f5409ca920 Thread added: 0x000001f59d102460
Event: 4.839 Thread 0x000001f59d9fffd0 Thread added: 0x000001f59de688f0
Event: 4.889 Thread 0x000001f59d9fffd0 Thread added: 0x000001f59de6a9c0
Event: 4.974 Thread 0x000001f5409cd820 Thread added: 0x000001f5a0f20b10
Event: 5.380 Thread 0x000001f5a0f20b10 Thread exited: 0x000001f5a0f20b10
Event: 5.763 Thread 0x000001f59de6a9c0 Thread exited: 0x000001f59de6a9c0
Event: 5.771 Thread 0x000001f59d9fffd0 Thread added: 0x000001f59de6a330
Event: 5.772 Thread 0x000001f59d9fffd0 Thread added: 0x000001f59de6a9c0
Event: 5.791 Thread 0x000001f59de6a9c0 Thread exited: 0x000001f59de6a9c0
Event: 5.793 Thread 0x000001f59d9fffd0 Thread added: 0x000001f59de6a9c0
Event: 5.814 Thread 0x000001f59d9fffd0 Thread added: 0x000001f59de67540
Event: 5.814 Thread 0x000001f59de67540 Thread added: 0x000001f59de6b050
Event: 5.814 Thread 0x000001f59de6b050 Thread added: 0x000001f59d9ff2b0
Event: 5.914 Thread 0x000001f59d9fffd0 Thread added: 0x000001f59e42c650
Event: 5.916 Thread 0x000001f59d9fffd0 Thread added: 0x000001f59e42d370
Event: 5.928 Thread 0x000001f59e42d370 Thread exited: 0x000001f59e42d370
Event: 5.929 Thread 0x000001f59d9fffd0 Thread added: 0x000001f59e42e090
Event: 5.931 Thread 0x000001f59d9fffd0 Thread added: 0x000001f59e42e720


Dynamic libraries:
0x00007ff65cbf0000 - 0x00007ff65cbfe000 	c:\Users\ASUS\.vscode\extensions\redhat.java-1.41.1-win32-x64\jre\21.0.6-win32-x86_64\bin\java.exe
0x00007ffd9ce80000 - 0x00007ffd9d0e0000 	C:\WINDOWS\SYSTEM32\ntdll.dll
0x00007ffd9bcc0000 - 0x00007ffd9bd87000 	C:\WINDOWS\System32\KERNEL32.DLL
0x00007ffd9a060000 - 0x00007ffd9a42a000 	C:\WINDOWS\System32\KERNELBASE.dll
0x00007ffd9a5a0000 - 0x00007ffd9a6eb000 	C:\WINDOWS\System32\ucrtbase.dll
0x00007ffd56ac0000 - 0x00007ffd56ad8000 	c:\Users\ASUS\.vscode\extensions\redhat.java-1.41.1-win32-x64\jre\21.0.6-win32-x86_64\bin\jli.dll
0x00007ffd52b60000 - 0x00007ffd52b7e000 	c:\Users\ASUS\.vscode\extensions\redhat.java-1.41.1-win32-x64\jre\21.0.6-win32-x86_64\bin\VCRUNTIME140.dll
0x00007ffd9c5d0000 - 0x00007ffd9c79c000 	C:\WINDOWS\System32\USER32.dll
0x00007ffd7dea0000 - 0x00007ffd7e137000 	C:\WINDOWS\WinSxS\amd64_microsoft.windows.common-controls_6595b64144ccf1df_6.0.26100.3624_none_3e086962e3345f24\COMCTL32.dll
0x00007ffd9a430000 - 0x00007ffd9a457000 	C:\WINDOWS\System32\win32u.dll
0x00007ffd9ca80000 - 0x00007ffd9caaa000 	C:\WINDOWS\System32\GDI32.dll
0x00007ffd9b310000 - 0x00007ffd9b3b9000 	C:\WINDOWS\System32\msvcrt.dll
0x00007ffd9a460000 - 0x00007ffd9a591000 	C:\WINDOWS\System32\gdi32full.dll
0x00007ffd9a870000 - 0x00007ffd9a913000 	C:\WINDOWS\System32\msvcp_win.dll
0x00007ffd9c220000 - 0x00007ffd9c24f000 	C:\WINDOWS\System32\IMM32.DLL
0x00007ffd7ec10000 - 0x00007ffd7ec1c000 	c:\Users\ASUS\.vscode\extensions\redhat.java-1.41.1-win32-x64\jre\21.0.6-win32-x86_64\bin\vcruntime140_1.dll
0x00007ffd32b80000 - 0x00007ffd32c0d000 	c:\Users\ASUS\.vscode\extensions\redhat.java-1.41.1-win32-x64\jre\21.0.6-win32-x86_64\bin\msvcp140.dll
0x00007ffd24520000 - 0x00007ffd252b0000 	c:\Users\ASUS\.vscode\extensions\redhat.java-1.41.1-win32-x64\jre\21.0.6-win32-x86_64\bin\server\jvm.dll
0x00007ffd9b4c0000 - 0x00007ffd9b572000 	C:\WINDOWS\System32\ADVAPI32.dll
0x00007ffd9c940000 - 0x00007ffd9c9e6000 	C:\WINDOWS\System32\sechost.dll
0x00007ffd9c450000 - 0x00007ffd9c566000 	C:\WINDOWS\System32\RPCRT4.dll
0x00007ffd9c1a0000 - 0x00007ffd9c214000 	C:\WINDOWS\System32\WS2_32.dll
0x00007ffd98cd0000 - 0x00007ffd98d2e000 	C:\WINDOWS\SYSTEM32\POWRPROF.dll
0x00007ffd8df70000 - 0x00007ffd8dfa6000 	C:\WINDOWS\SYSTEM32\WINMM.dll
0x00007ffd94750000 - 0x00007ffd9475b000 	C:\WINDOWS\SYSTEM32\VERSION.dll
0x00007ffd98cb0000 - 0x00007ffd98cc4000 	C:\WINDOWS\SYSTEM32\UMPDC.dll
0x00007ffd98f90000 - 0x00007ffd98faa000 	C:\WINDOWS\SYSTEM32\kernel.appcore.dll
0x00007ffd7dc70000 - 0x00007ffd7dc7a000 	c:\Users\ASUS\.vscode\extensions\redhat.java-1.41.1-win32-x64\jre\21.0.6-win32-x86_64\bin\jimage.dll
0x00007ffd978f0000 - 0x00007ffd97b31000 	C:\WINDOWS\SYSTEM32\DBGHELP.DLL
0x00007ffd9cab0000 - 0x00007ffd9ce32000 	C:\WINDOWS\System32\combase.dll
0x00007ffd9c850000 - 0x00007ffd9c926000 	C:\WINDOWS\System32\OLEAUT32.dll
0x00007ffd7c400000 - 0x00007ffd7c439000 	C:\WINDOWS\SYSTEM32\dbgcore.DLL
0x00007ffd9ab20000 - 0x00007ffd9abb9000 	C:\WINDOWS\System32\bcryptPrimitives.dll
0x00007ffd73ed0000 - 0x00007ffd73edf000 	c:\Users\ASUS\.vscode\extensions\redhat.java-1.41.1-win32-x64\jre\21.0.6-win32-x86_64\bin\instrument.dll
0x00007ffd50350000 - 0x00007ffd5036f000 	c:\Users\ASUS\.vscode\extensions\redhat.java-1.41.1-win32-x64\jre\21.0.6-win32-x86_64\bin\java.dll
0x00007ffd9b590000 - 0x00007ffd9bcb9000 	C:\WINDOWS\System32\SHELL32.dll
0x00007ffd9a9b0000 - 0x00007ffd9ab18000 	C:\WINDOWS\System32\wintypes.dll
0x00007ffd97d00000 - 0x00007ffd98552000 	C:\WINDOWS\SYSTEM32\windows.storage.dll
0x00007ffd9b3d0000 - 0x00007ffd9b4bd000 	C:\WINDOWS\System32\SHCORE.dll
0x00007ffd9c3e0000 - 0x00007ffd9c444000 	C:\WINDOWS\System32\shlwapi.dll
0x00007ffd99f70000 - 0x00007ffd99f9f000 	C:\WINDOWS\SYSTEM32\profapi.dll
0x00007ffd4dc70000 - 0x00007ffd4dc88000 	c:\Users\ASUS\.vscode\extensions\redhat.java-1.41.1-win32-x64\jre\21.0.6-win32-x86_64\bin\zip.dll
0x00007ffd7a740000 - 0x00007ffd7a750000 	C:\Users\ASUS\.vscode\extensions\redhat.java-1.41.1-win32-x64\jre\21.0.6-win32-x86_64\bin\net.dll
0x00007ffd90d90000 - 0x00007ffd90ead000 	C:\WINDOWS\SYSTEM32\WINHTTP.dll
0x00007ffd994b0000 - 0x00007ffd9951a000 	C:\WINDOWS\system32\mswsock.dll
0x00007ffd4db90000 - 0x00007ffd4dba6000 	C:\Users\ASUS\.vscode\extensions\redhat.java-1.41.1-win32-x64\jre\21.0.6-win32-x86_64\bin\nio.dll
0x00007ffd93ae0000 - 0x00007ffd93af0000 	c:\Users\ASUS\.vscode\extensions\redhat.java-1.41.1-win32-x64\jre\21.0.6-win32-x86_64\bin\verify.dll
0x00007ffd61490000 - 0x00007ffd614d5000 	C:\Users\ASUS\AppData\Roaming\Code\User\globalStorage\redhat.java\1.41.1\config_win\org.eclipse.equinox.launcher\org.eclipse.equinox.launcher.win32.win32.x86_64_1.2.1300.v20250331-1702\eclipse_11911.dll
0x00007ffd9bfd0000 - 0x00007ffd9c166000 	C:\WINDOWS\System32\ole32.dll
0x00007ffd99750000 - 0x00007ffd9976c000 	C:\WINDOWS\SYSTEM32\CRYPTSP.dll
0x00007ffd98ef0000 - 0x00007ffd98f2a000 	C:\WINDOWS\system32\rsaenh.dll
0x00007ffd99550000 - 0x00007ffd9957b000 	C:\WINDOWS\SYSTEM32\USERENV.dll
0x00007ffd99f40000 - 0x00007ffd99f66000 	C:\WINDOWS\SYSTEM32\bcrypt.dll
0x00007ffd99770000 - 0x00007ffd9977c000 	C:\WINDOWS\SYSTEM32\CRYPTBASE.dll
0x00007ffd98910000 - 0x00007ffd98943000 	C:\WINDOWS\SYSTEM32\IPHLPAPI.DLL
0x00007ffd9bde0000 - 0x00007ffd9bdea000 	C:\WINDOWS\System32\NSI.dll
0x00007ffd939f0000 - 0x00007ffd939fa000 	C:\Users\ASUS\.vscode\extensions\redhat.java-1.41.1-win32-x64\jre\21.0.6-win32-x86_64\bin\management.dll
0x00007ffd939e0000 - 0x00007ffd939eb000 	C:\Users\ASUS\.vscode\extensions\redhat.java-1.41.1-win32-x64\jre\21.0.6-win32-x86_64\bin\management_ext.dll
0x00007ffd9b3c0000 - 0x00007ffd9b3c8000 	C:\WINDOWS\System32\PSAPI.DLL
0x00007ffd61440000 - 0x00007ffd61489000 	C:\Users\ASUS\AppData\Local\Temp\jna-2018896\jna1942210447359287365.dll
0x00007ffd91720000 - 0x00007ffd9173f000 	C:\WINDOWS\SYSTEM32\dhcpcsvc6.DLL
0x00007ffd916f0000 - 0x00007ffd91715000 	C:\WINDOWS\SYSTEM32\dhcpcsvc.DLL
0x00007ffd624d0000 - 0x00007ffd624f7000 	C:\Users\ASUS\.gradle\native\1def1411415f61bf3af743bc5b6707747c0891f09f0c88961ee8f79bc544acac\windows-amd64\native-platform.dll

dbghelp: loaded successfully - version: 4.0.5 - missing functions: none
symbol engine: initialized successfully - sym options: 0x614 - pdb path: .;c:\Users\ASUS\.vscode\extensions\redhat.java-1.41.1-win32-x64\jre\21.0.6-win32-x86_64\bin;C:\WINDOWS\SYSTEM32;C:\WINDOWS\WinSxS\amd64_microsoft.windows.common-controls_6595b64144ccf1df_6.0.26100.3624_none_3e086962e3345f24;c:\Users\ASUS\.vscode\extensions\redhat.java-1.41.1-win32-x64\jre\21.0.6-win32-x86_64\bin\server;C:\Users\ASUS\AppData\Roaming\Code\User\globalStorage\redhat.java\1.41.1\config_win\org.eclipse.equinox.launcher\org.eclipse.equinox.launcher.win32.win32.x86_64_1.2.1300.v20250331-1702;C:\Users\ASUS\AppData\Local\Temp\jna-2018896;C:\Users\ASUS\.gradle\native\1def1411415f61bf3af743bc5b6707747c0891f09f0c88961ee8f79bc544acac\windows-amd64

VM Arguments:
jvm_args: --add-modules=ALL-SYSTEM --add-opens=java.base/java.util=ALL-UNNAMED --add-opens=java.base/java.lang=ALL-UNNAMED --add-opens=java.base/sun.nio.fs=ALL-UNNAMED -Declipse.application=org.eclipse.jdt.ls.core.id1 -Dosgi.bundles.defaultStartLevel=4 -Declipse.product=org.eclipse.jdt.ls.core.product -Djava.import.generatesMetadataFilesAtProjectRoot=false -DDetectVMInstallationsJob.disabled=true -Dfile.encoding=utf8 -XX:+UseParallelGC -XX:GCTimeRatio=4 -XX:AdaptiveSizePolicyWeight=90 -Dsun.zip.disableMemoryMapping=true -Xmx1G -Xms100m -Xlog:disable -javaagent:c:\Users\ASUS\.vscode\extensions\redhat.java-1.41.1-win32-x64\lombok\lombok-1.18.36.jar -XX:+HeapDumpOnOutOfMemoryError -XX:HeapDumpPath=c:\Users\ASUS\AppData\Roaming\Code\User\workspaceStorage\bc3055fe9be8a6599a4ffa8e78391a0d\redhat.java -Daether.dependencyCollector.impl=bf 
java_command: c:\Users\ASUS\.vscode\extensions\redhat.java-1.41.1-win32-x64\server\plugins\org.eclipse.equinox.launcher_1.7.0.v20250331-1702.jar -configuration c:\Users\ASUS\AppData\Roaming\Code\User\globalStorage\redhat.java\1.41.1\config_win -data c:\Users\ASUS\AppData\Roaming\Code\User\workspaceStorage\bc3055fe9be8a6599a4ffa8e78391a0d\redhat.java\jdt_ws --pipe=\\.\pipe\lsp-992cd44c0b7be07718b303804b33a1aa-sock
java_class_path (initial): c:\Users\ASUS\.vscode\extensions\redhat.java-1.41.1-win32-x64\server\plugins\org.eclipse.equinox.launcher_1.7.0.v20250331-1702.jar
Launcher Type: SUN_STANDARD

[Global flags]
    uintx AdaptiveSizePolicyWeight                 = 90                                        {product} {command line}
     intx CICompilerCount                          = 4                                         {product} {ergonomic}
    uintx GCTimeRatio                              = 4                                         {product} {command line}
     bool HeapDumpOnOutOfMemoryError               = true                                   {manageable} {command line}
    ccstr HeapDumpPath                             = c:\Users\ASUS\AppData\Roaming\Code\User\workspaceStorage\bc3055fe9be8a6599a4ffa8e78391a0d\redhat.java         {manageable} {command line}
   size_t InitialHeapSize                          = 104857600                                 {product} {command line}
   size_t MaxHeapSize                              = 1073741824                                {product} {command line}
   size_t MaxNewSize                               = 357564416                                 {product} {ergonomic}
   size_t MinHeapDeltaBytes                        = 524288                                    {product} {ergonomic}
   size_t MinHeapSize                              = 104857600                                 {product} {command line}
   size_t NewSize                                  = 34603008                                  {product} {ergonomic}
    uintx NonNMethodCodeHeapSize                   = 5839372                                {pd product} {ergonomic}
    uintx NonProfiledCodeHeapSize                  = 122909434                              {pd product} {ergonomic}
   size_t OldSize                                  = 70254592                                  {product} {ergonomic}
    uintx ProfiledCodeHeapSize                     = 122909434                              {pd product} {ergonomic}
    uintx ReservedCodeCacheSize                    = 251658240                              {pd product} {ergonomic}
     bool SegmentedCodeCache                       = true                                      {product} {ergonomic}
   size_t SoftMaxHeapSize                          = 1073741824                             {manageable} {ergonomic}
     bool UseCompressedOops                        = true                           {product lp64_product} {ergonomic}
     bool UseLargePagesIndividualAllocation        = false                                  {pd product} {ergonomic}
     bool UseParallelGC                            = true                                      {product} {command line}

Logging:
Log output configuration:
 #0: stdout all=off uptime,level,tags foldmultilines=false
 #1: stderr all=off uptime,level,tags foldmultilines=false

Environment Variables:
JAVA_HOME=C:\Program Files\Java\jdk-17\
PATH=c:\Users\ASUS\AppData\Local\Programs\cursor\resources\app\bin;C:\Program Files\Common Files\Oracle\Java\javapath;C:\Windows\system32;C:\Windows;C:\Windows\System32\Wbem;C:\Windows\System32\WindowsPowerShell\v1.0\;C:\Windows\System32\OpenSSH\;C:\Program Files (x86)\NVIDIA Corporation\PhysX\Common;C:\Program Files\NVIDIA Corporation\NVIDIA NvDLISR;C:\MinGW\bin;C:\Program Files\Java\jdk-22\bin;C:\ProgramData\chocolatey\bin;C:\Program Files\Git\cmd;C:\Program Files\Git\mingw64\bin;C:\Program Files\Git\usr\bin;C:\WINDOWS\system32;C:\WINDOWS;C:\WINDOWS\System32\Wbem;C:\WINDOWS\System32\WindowsPowerShell\v1.0\;C:\WINDOWS\System32\OpenSSH\;C:\Users\ASUS\AppData\Local\Programs\Python\Python312\Scripts\;C:\Users\ASUS\AppData\Local\Programs\Python\Python312\;C:\Users\ASUS\AppData\Local\Microsoft\WindowsApps;C:\Users\ASUS\AppData\Roaming\npm;C:\Program Files\nodejs;C:\Users\ASUS\AppData\Local\GitHubDesktop\bin;c:\Users\ASUS\AppData\Local\Programs\cursor\resources\app\bin;C:\Program Files\GitHub CLI\;C:\Program Files\nodejs\;C:\Users\ASUS\AppData\Local\Android\Sdk\platform-tools;C:\Program Files\Java\jdk-17\;C:\Users\ASUS\AppData\Local\Android\Sdk;C:\Users\ASUS\AppData\Local\Android\Sdk\emulator;C:\Users\ASUS\AppData\Local\Android\Sdk\build-tools;C:\Program Files\Java\jdk-17\bin;C:\Users\ASUS\AppData\Local\Programs\Python\Python313\Scripts\;C:\Users\ASUS\AppData\Local\Programs\Python\Python313\;C:\Users\ASUS\AppData\Local\Programs\Python\Python312\Scripts\;C:\Users\ASUS\AppData\Local\Programs\Python\Python312\;C:\Users\ASUS\AppData\Local\Microsoft\WindowsApps;C:\Users\ASUS\AppData\Local\Programs\Microsoft VS Code\bin;C:\Program Files\nodejs;C:\Users\ASUS\AppData\Local\GitHubDesktop\bin;C:\Users\ASUS\AppData\Local\Programs\mongosh\;C:\Users\ASUS\AppData\Roaming\npm;C:\Users\ASUS\AppData\Local\Android\Sdk\platform-tools;C:\Program Files\Java\jdk-17\;C:\Users\ASUS\AppData\Local\Android\Sdk;C:\Users\ASUS\AppData\Local\Android\Sdk\emulator;C:\Users\ASUS\AppData\Local\Android\Sdk\build-tools;C:\Users\ASUS\AppData\Local\Android\Sdk\platforms;C:\Program Files\Java\jdk-17\bin;C:\Users\ASUS\AppData\Local\Programs\cursor\resources\app\bin
USERNAME=ASUS
OS=Windows_NT
PROCESSOR_IDENTIFIER=Intel64 Family 6 Model 141 Stepping 1, GenuineIntel
TMP=C:\Users\ASUS\AppData\Local\Temp
TEMP=C:\Users\ASUS\AppData\Local\Temp




Periodic native trim disabled

---------------  S Y S T E M  ---------------

OS:
 Windows 11 , 64 bit Build 26100 (10.0.26100.3775)
OS uptime: 1 days 3:27 hours
Hyper-V role detected

CPU: total 12 (initial active 12) (6 cores per cpu, 2 threads per core) family 6 model 141 stepping 1 microcode 0x50, cx8, cmov, fxsr, ht, mmx, 3dnowpref, sse, sse2, sse3, ssse3, sse4.1, sse4.2, popcnt, lzcnt, tsc, tscinvbit, avx, avx2, aes, erms, clmul, bmi1, bmi2, adx, avx512f, avx512dq, avx512cd, avx512bw, avx512vl, sha, fma, vzeroupper, avx512_vpopcntdq, avx512_vpclmulqdq, avx512_vaes, avx512_vnni, clflush, clflushopt, clwb, avx512_vbmi2, avx512_vbmi, hv, rdtscp, rdpid, fsrm, gfni, avx512_bitalg, f16c, cet_ibt, cet_ss, avx512_ifma
Processor Information for the first 12 processors :
  Max Mhz: 2688, Current Mhz: 2688, Mhz Limit: 2688

Memory: 4k page, system-wide physical 16106M (1209M free)
TotalPageFile size 31357M (AvailPageFile size 0M)
current process WorkingSet (physical memory assigned to process): 250M, peak: 253M
current process commit charge ("private bytes"): 327M, peak: 343M

vm_info: OpenJDK 64-Bit Server VM (21.0.6+7-LTS) for windows-amd64 JRE (21.0.6+7-LTS), built on 2025-01-21T00:00:00Z by "admin" with MS VC++ 17.7 (VS2022)

END.
